[01:17:13] [Server thread/INFO]: Starting minecraft server version 1.15.2
[01:17:13] [Server thread/INFO]: Loading properties
[01:17:13] [Server thread/INFO]: This server is running CraftBukkit version git-Spigot-6de3d4b-a6f8093 (MC: 1.15.2) (Implementing API version 1.15.2-R0.1-SNAPSHOT)
[01:17:13] [Server thread/INFO]: Server Ping Player Sample Count: 12
[01:17:13] [Server thread/INFO]: Using 4 threads for Netty based IO
[01:17:13] [Server thread/INFO]: Debug logging is disabled
[01:17:13] [Server thread/INFO]: Default game type: CREATIVE
[01:17:13] [Server thread/INFO]: Generating keypair
[01:17:14] [Server thread/INFO]: Starting Minecraft server on *:25565
[01:17:14] [Server thread/INFO]: Using epoll channel type
[01:17:15] [Server thread/WARN]: Initializing Legacy Material Support. Unless you have legacy plugins and/or data this is a bug!
[01:17:19] [Server thread/WARN]: Legacy plugin MinecartSpeedPlus v1.13.2 does not specify an api-version.
[01:17:19] [Server thread/INFO]: [WorldEdit] Loading WorldEdit v7.1.0;8e55131
[01:17:21] [Server thread/INFO]: Got request to register class com.sk89q.worldedit.bukkit.BukkitServerInterface with WorldEdit [com.sk89q.worldedit.extension.platform.PlatformManager@42788ad]
[01:17:21] [Server thread/INFO]: [MinecartSpeedPlus] Loading MinecartSpeedPlus v1.13.2
[01:17:21] [Server thread/INFO]: [WorldEdit] Enabling WorldEdit v7.1.0;8e55131
[01:17:21] [Server thread/INFO]: New permissions resolver: VaultResolver detected. Added to disabled resolvers list.
[01:17:21] [Server thread/INFO]: WEPIF: Updated config file
[01:17:21] [Server thread/INFO]: WEPIF: Using the Bukkit Permissions API.
[01:17:21] [Server thread/INFO]: Using com.sk89q.worldedit.bukkit.adapter.impl.Spigot_v1_15_R2 as the Bukkit adapter
[01:17:22] [Server thread/INFO]: [WorldEdit] Default configuration file written: config.yml
[01:17:23] [Server thread/WARN]: [WorldEdit] ====================================================
[01:17:23] [Server thread/WARN]: [WorldEdit]  WorldEdit works better if you use Paper 
[01:17:23] [Server thread/WARN]: [WorldEdit]  as your server software. 
[01:17:23] [Server thread/WARN]: [WorldEdit]   
[01:17:23] [Server thread/WARN]: [WorldEdit]  Paper offers significant performance improvements,
[01:17:23] [Server thread/WARN]: [WorldEdit]  bug fixes, security enhancements and optional
[01:17:23] [Server thread/WARN]: [WorldEdit]  features for server owners to enhance their server.
[01:17:23] [Server thread/WARN]: [WorldEdit]   
[01:17:23] [Server thread/WARN]: [WorldEdit]  Paper includes Timings v2, which is significantly
[01:17:23] [Server thread/WARN]: [WorldEdit]  better at diagnosing lag problems over v1.
[01:17:23] [Server thread/WARN]: [WorldEdit]   
[01:17:23] [Server thread/WARN]: [WorldEdit]  All of your plugins should still work, and the
[01:17:23] [Server thread/WARN]: [WorldEdit]  Paper community will gladly help you fix any issues.
[01:17:23] [Server thread/WARN]: [WorldEdit]   
[01:17:23] [Server thread/WARN]: [WorldEdit]  Join the Paper Community @ https://papermc.io
[01:17:23] [Server thread/WARN]: [WorldEdit] ====================================================
[01:17:23] [Server thread/WARN]: **** SERVER IS RUNNING IN OFFLINE/INSECURE MODE!
[01:17:23] [Server thread/WARN]: The server will make no attempt to authenticate usernames. Beware.
[01:17:23] [Server thread/WARN]: While this makes the game possible to play without internet access, it also opens up the ability for hackers to connect with any username they choose.
[01:17:23] [Server thread/WARN]: To change this, set "online-mode" to "true" in the server.properties file.
[01:17:23] [Server thread/INFO]: Preparing level "kevlar"
[01:17:23] [Server thread/INFO]: Reloading ResourceManager: Default, bukkit
[01:17:23] [Server thread/INFO]: Loaded 6 recipes
[01:17:24] [Server thread/INFO]: -------- World Settings For [kevlar] --------
[01:17:24] [Server thread/INFO]: Mob Spawn Range: 6
[01:17:24] [Server thread/INFO]: Experience Merge Radius: 3.0
[01:17:24] [Server thread/INFO]: Cactus Growth Modifier: 100%
[01:17:24] [Server thread/INFO]: Cane Growth Modifier: 100%
[01:17:24] [Server thread/INFO]: Melon Growth Modifier: 100%
[01:17:24] [Server thread/INFO]: Mushroom Growth Modifier: 100%
[01:17:24] [Server thread/INFO]: Pumpkin Growth Modifier: 100%
[01:17:24] [Server thread/INFO]: Sapling Growth Modifier: 100%
[01:17:24] [Server thread/INFO]: Beetroot Growth Modifier: 100%
[01:17:24] [Server thread/INFO]: Carrot Growth Modifier: 100%
[01:17:24] [Server thread/INFO]: Potato Growth Modifier: 100%
[01:17:24] [Server thread/INFO]: Wheat Growth Modifier: 100%
[01:17:24] [Server thread/INFO]: NetherWart Growth Modifier: 100%
[01:17:24] [Server thread/INFO]: Vine Growth Modifier: 100%
[01:17:24] [Server thread/INFO]: Cocoa Growth Modifier: 100%
[01:17:24] [Server thread/INFO]: Bamboo Growth Modifier: 100%
[01:17:24] [Server thread/INFO]: SweetBerry Growth Modifier: 100%
[01:17:24] [Server thread/INFO]: Kelp Growth Modifier: 100%
[01:17:24] [Server thread/INFO]: Entity Activation Range: An 32 / Mo 32 / Ra 48 / Mi 16 / Tiv true
[01:17:24] [Server thread/INFO]: Entity Tracking Range: Pl 48 / An 48 / Mo 48 / Mi 32 / Other 64
[01:17:24] [Server thread/INFO]: Hopper Transfer: 8 Hopper Check: 1 Hopper Amount: 1
[01:17:24] [Server thread/INFO]: Custom Map Seeds:  Village: 10387312 Desert: 14357617 Igloo: 14357618 Jungle: 14357619 Swamp: 14357620 Monument: 10387313 Ocean: 14357621 Shipwreck: 165745295 Slime: 987234911
[01:17:24] [Server thread/INFO]: Max TNT Explosions: 100
[01:17:24] [Server thread/INFO]: Tile Max Tick Time: 50ms Entity max Tick Time: 50ms
[01:17:24] [Server thread/INFO]: View Distance: 32
[01:17:24] [Server thread/INFO]: Allow Zombie Pigmen to spawn from portal blocks: true
[01:17:24] [Server thread/INFO]: Item Merge Radius: 2.5
[01:17:24] [Server thread/INFO]: Item Despawn Rate: 6000
[01:17:24] [Server thread/INFO]: Arrow Despawn Rate: 1200 Trident Respawn Rate:1200
[01:17:24] [Server thread/INFO]: Zombie Aggressive Towards Villager: true
[01:17:24] [Server thread/INFO]: Nerfing mobs spawned from spawners: false
[01:17:28] [Server thread/INFO]: Registering commands with com.sk89q.worldedit.bukkit.BukkitServerInterface
[01:17:28] [Server thread/INFO]: -------- World Settings For [kevlar_nether] --------
[01:17:28] [Server thread/INFO]: Mob Spawn Range: 6
[01:17:28] [Server thread/INFO]: Experience Merge Radius: 3.0
[01:17:28] [Server thread/INFO]: Cactus Growth Modifier: 100%
[01:17:28] [Server thread/INFO]: Cane Growth Modifier: 100%
[01:17:28] [Server thread/INFO]: Melon Growth Modifier: 100%
[01:17:28] [Server thread/INFO]: Mushroom Growth Modifier: 100%
[01:17:28] [Server thread/INFO]: Pumpkin Growth Modifier: 100%
[01:17:28] [Server thread/INFO]: Sapling Growth Modifier: 100%
[01:17:28] [Server thread/INFO]: Beetroot Growth Modifier: 100%
[01:17:28] [Server thread/INFO]: Carrot Growth Modifier: 100%
[01:17:28] [Server thread/INFO]: Potato Growth Modifier: 100%
[01:17:28] [Server thread/INFO]: Wheat Growth Modifier: 100%
[01:17:28] [Server thread/INFO]: NetherWart Growth Modifier: 100%
[01:17:28] [Server thread/INFO]: Vine Growth Modifier: 100%
[01:17:28] [Server thread/INFO]: Cocoa Growth Modifier: 100%
[01:17:28] [Server thread/INFO]: Bamboo Growth Modifier: 100%
[01:17:28] [Server thread/INFO]: SweetBerry Growth Modifier: 100%
[01:17:28] [Server thread/INFO]: Kelp Growth Modifier: 100%
[01:17:28] [Server thread/INFO]: Entity Activation Range: An 32 / Mo 32 / Ra 48 / Mi 16 / Tiv true
[01:17:28] [Server thread/INFO]: Entity Tracking Range: Pl 48 / An 48 / Mo 48 / Mi 32 / Other 64
[01:17:28] [Server thread/INFO]: Hopper Transfer: 8 Hopper Check: 1 Hopper Amount: 1
[01:17:28] [Server thread/INFO]: Custom Map Seeds:  Village: 10387312 Desert: 14357617 Igloo: 14357618 Jungle: 14357619 Swamp: 14357620 Monument: 10387313 Ocean: 14357621 Shipwreck: 165745295 Slime: 987234911
[01:17:28] [Server thread/INFO]: Max TNT Explosions: 100
[01:17:28] [Server thread/INFO]: Tile Max Tick Time: 50ms Entity max Tick Time: 50ms
[01:17:28] [Server thread/INFO]: View Distance: 32
[01:17:28] [Server thread/INFO]: Allow Zombie Pigmen to spawn from portal blocks: true
[01:17:28] [Server thread/INFO]: Item Merge Radius: 2.5
[01:17:28] [Server thread/INFO]: Item Despawn Rate: 6000
[01:17:28] [Server thread/INFO]: Arrow Despawn Rate: 1200 Trident Respawn Rate:1200
[01:17:28] [Server thread/INFO]: Zombie Aggressive Towards Villager: true
[01:17:28] [Server thread/INFO]: Nerfing mobs spawned from spawners: false
[01:17:28] [Server thread/INFO]: -------- World Settings For [kevlar_the_end] --------
[01:17:28] [Server thread/INFO]: Mob Spawn Range: 6
[01:17:28] [Server thread/INFO]: Experience Merge Radius: 3.0
[01:17:28] [Server thread/INFO]: Cactus Growth Modifier: 100%
[01:17:28] [Server thread/INFO]: Cane Growth Modifier: 100%
[01:17:28] [Server thread/INFO]: Melon Growth Modifier: 100%
[01:17:28] [Server thread/INFO]: Mushroom Growth Modifier: 100%
[01:17:28] [Server thread/INFO]: Pumpkin Growth Modifier: 100%
[01:17:28] [Server thread/INFO]: Sapling Growth Modifier: 100%
[01:17:28] [Server thread/INFO]: Beetroot Growth Modifier: 100%
[01:17:28] [Server thread/INFO]: Carrot Growth Modifier: 100%
[01:17:28] [Server thread/INFO]: Potato Growth Modifier: 100%
[01:17:28] [Server thread/INFO]: Wheat Growth Modifier: 100%
[01:17:28] [Server thread/INFO]: NetherWart Growth Modifier: 100%
[01:17:28] [Server thread/INFO]: Vine Growth Modifier: 100%
[01:17:28] [Server thread/INFO]: Cocoa Growth Modifier: 100%
[01:17:28] [Server thread/INFO]: Bamboo Growth Modifier: 100%
[01:17:28] [Server thread/INFO]: SweetBerry Growth Modifier: 100%
[01:17:28] [Server thread/INFO]: Kelp Growth Modifier: 100%
[01:17:28] [Server thread/INFO]: Entity Activation Range: An 32 / Mo 32 / Ra 48 / Mi 16 / Tiv true
[01:17:28] [Server thread/INFO]: Entity Tracking Range: Pl 48 / An 48 / Mo 48 / Mi 32 / Other 64
[01:17:28] [Server thread/INFO]: Hopper Transfer: 8 Hopper Check: 1 Hopper Amount: 1
[01:17:28] [Server thread/INFO]: Custom Map Seeds:  Village: 10387312 Desert: 14357617 Igloo: 14357618 Jungle: 14357619 Swamp: 14357620 Monument: 10387313 Ocean: 14357621 Shipwreck: 165745295 Slime: 987234911
[01:17:28] [Server thread/INFO]: Max TNT Explosions: 100
[01:17:28] [Server thread/INFO]: Tile Max Tick Time: 50ms Entity max Tick Time: 50ms
[01:17:28] [Server thread/INFO]: View Distance: 32
[01:17:28] [Server thread/INFO]: Allow Zombie Pigmen to spawn from portal blocks: true
[01:17:28] [Server thread/INFO]: Item Merge Radius: 2.5
[01:17:28] [Server thread/INFO]: Item Despawn Rate: 6000
[01:17:28] [Server thread/INFO]: Arrow Despawn Rate: 1200 Trident Respawn Rate:1200
[01:17:28] [Server thread/INFO]: Zombie Aggressive Towards Villager: true
[01:17:28] [Server thread/INFO]: Nerfing mobs spawned from spawners: false
[01:17:28] [Server thread/INFO]: Preparing start region for dimension 'kevlar'/minecraft:overworld
[01:17:29] [Server thread/INFO]: Preparing spawn area: 0%
[01:17:29] [Server thread/INFO]: Preparing spawn area: 0%
[01:17:33] [Server thread/INFO]: Preparing spawn area: 0%
[01:17:33] [Server thread/INFO]: Preparing spawn area: 0%
[01:17:33] [Server thread/INFO]: Preparing spawn area: 0%
[01:17:33] [Server thread/INFO]: Preparing spawn area: 0%
[01:17:33] [Server thread/INFO]: Preparing spawn area: 0%
[01:17:33] [Server thread/INFO]: Preparing spawn area: 0%
[01:17:33] [Server thread/INFO]: Preparing spawn area: 0%
[01:17:33] [Server thread/INFO]: Preparing spawn area: 0%
[01:17:34] [Server thread/INFO]: Preparing spawn area: 83%
[01:17:34] [Server thread/INFO]: Time elapsed: 5477 ms
[01:17:34] [Server thread/INFO]: Preparing start region for dimension 'kevlar_nether'/minecraft:the_nether
[01:17:35] [Server thread/INFO]: Preparing spawn area: 0%
[01:17:35] [Server thread/INFO]: Preparing spawn area: 0%
[01:17:37] [Server thread/INFO]: Preparing spawn area: 0%
[01:17:37] [Server thread/INFO]: Preparing spawn area: 0%
[01:17:37] [Server thread/INFO]: Preparing spawn area: 0%
[01:17:37] [Server thread/INFO]: Preparing spawn area: 0%
[01:17:37] [Server thread/INFO]: Preparing spawn area: 0%
[01:17:38] [Server thread/INFO]: Preparing spawn area: 0%
[01:17:40] [Server thread/INFO]: Preparing spawn area: 83%
[01:17:40] [Server thread/INFO]: Preparing spawn area: 83%
[01:17:40] [Server thread/INFO]: Preparing spawn area: 83%
[01:17:40] [Server thread/INFO]: Preparing spawn area: 83%
[01:17:40] [Server-Worker-4/INFO]: Preparing spawn area: 99%
[01:17:40] [Server thread/INFO]: Time elapsed: 6326 ms
[01:17:40] [Server thread/INFO]: Preparing start region for dimension 'kevlar_the_end'/minecraft:the_end
[01:17:40] [Server thread/INFO]: Preparing spawn area: 0%
[01:17:41] [Server thread/INFO]: Preparing spawn area: 0%
[01:17:41] [Server-Worker-5/INFO]: Preparing spawn area: 99%
[01:17:41] [Server thread/INFO]: Time elapsed: 1041 ms
[01:17:41] [Server thread/INFO]: [MinecartSpeedPlus] Enabling MinecartSpeedPlus v1.13.2
[01:17:41] [Server thread/INFO]: MinecartSpeedPlus version 1.13.2 started.
[01:17:41] [Server thread/INFO]: Server permissions file permissions.yml is empty, ignoring it
[01:17:41] [Server thread/INFO]: Done (18.896s)! For help, type "help"
[01:17:42] [User Authenticator #1/INFO]: UUID of player Kevlar is 04563d4c-6a5b-343e-81b6-8bc0e358b91d
[01:17:42] [Server thread/INFO]: Kevlar[/192.168.0.100:50556] logged in with entity id 170 at ([kevlar]-51.80162394489044, 144.47295734712876, 684.1381894195107)
[01:17:50] [Server thread/INFO]: Kevlar issued server command: /time set day
[01:17:50] [Server thread/INFO]: [Kevlar: Set the time to 1000]
[01:17:53] [Server thread/INFO]: Kevlar issued server command: /clear
[01:17:53] [Server thread/INFO]: [Kevlar: Removed 72 items from player Kevlar]
[01:17:56] [Server thread/INFO]: Kevlar issued server command: /wand
[01:18:05] [Server thread/INFO]: Kevlar issued server command: /weather clear
[01:18:05] [Server thread/INFO]: [Kevlar: Set the weather to clear]
[01:18:07] [Server thread/INFO]: Kevlar issued server command: //wand
[01:18:40] [Server thread/INFO]: Kevlar issued server command: //expand 100 u
[01:18:44] [Server thread/INFO]: Kevlar issued server command: //set stone
[01:18:49] [Server thread/INFO]: Kevlar issued server command: /undo
[01:20:33] [Server thread/INFO]: Kevlar issued server command: /j
[01:20:38] [Server thread/INFO]: Kevlar issued server command: /j
[01:20:44] [Server thread/INFO]: Kevlar issued server command: /j
[01:21:22] [Server thread/INFO]: Kevlar issued server command: /j
[01:21:26] [Server thread/INFO]: Kevlar issued server command: /j
[01:21:28] [Server thread/INFO]: Kevlar issued server command: /j
[01:21:28] [Server thread/WARN]: Kevlar moved too quickly! 140.11653148997766,-86.60248096646148,-222.97413948695203
[01:22:12] [Server thread/INFO]: Kevlar issued server command: /i minecart 1
[01:22:27] [Server thread/INFO]: Kevlar issued server command: /give Kevlar minecart 1
[01:22:27] [Server thread/INFO]: [Kevlar: Gave 1 [Minecart] to Kevlar]
[01:22:54] [Server thread/WARN]: Can't keep up! Is the server overloaded? Running 12730ms or 254 ticks behind
[01:23:42] [Server thread/INFO]: Kevlar lost connection: Disconnected
[01:23:42] [Server thread/INFO]: Kevlar left the game
[01:23:52] [Server thread/INFO]: Stopping the server
[01:23:52] [Server thread/INFO]: Stopping server
[01:23:52] [Server thread/INFO]: [MinecartSpeedPlus] Disabling MinecartSpeedPlus v1.13.2
[01:23:52] [Server thread/INFO]: MinecartSpeedPlus version 1.13.2 stopped.
[01:23:52] [Server thread/INFO]: [WorldEdit] Disabling WorldEdit v7.1.0;8e55131
[01:23:52] [Server thread/INFO]: Unregistering com.sk89q.worldedit.bukkit.BukkitServerInterface from WorldEdit
[01:23:52] [Server thread/INFO]: Saving players
[01:23:52] [Server thread/INFO]: Saving worlds
[01:23:52] [Server thread/INFO]: Saving chunks for level 'kevlar'/minecraft:overworld
[01:23:53] [Server thread/INFO]: ThreadedAnvilChunkStorage (kevlar): All chunks are saved
[01:23:53] [Server thread/INFO]: Saving chunks for level 'kevlar_nether'/minecraft:the_nether
[01:23:53] [Server thread/INFO]: ThreadedAnvilChunkStorage (DIM-1): All chunks are saved
[01:23:53] [Server thread/INFO]: Saving chunks for level 'kevlar_the_end'/minecraft:the_end
[01:23:53] [Server thread/INFO]: ThreadedAnvilChunkStorage (DIM1): All chunks are saved
[01:23:53] [Server thread/INFO]: ThreadedAnvilChunkStorage (kevlar): All chunks are saved
[01:23:56] [Server thread/INFO]: ThreadedAnvilChunkStorage (DIM-1): All chunks are saved
[01:23:57] [Server thread/INFO]: ThreadedAnvilChunkStorage (DIM1): All chunks are saved
